# JRE version: Java(TM) SE Runtime Environment (8.0_144-b01) (build 1.8.0_144-b01)
# Java VM: Java HotSpot(TM) 64-Bit Server VM (25.144-b01 mixed mode bsd-amd64 compressed oops)
Heap:
 PSYoungGen      total 194560K, used 67160K [0x0000000795580000, 0x00000007a1680000, 0x00000007c0000000)
  eden space 192512K, 34% used [0x0000000795580000,0x00000007995955e0,0x00000007a1180000)
  from space 2048K, 75% used [0x00000007a1480000,0x00000007a1600d20,0x00000007a1680000)
  to   space 2560K, 0% used [0x00000007a1180000,0x00000007a1180000,0x00000007a1400000)
 ParOldGen       total 229888K, used 87213K [0x0000000740000000, 0x000000074e080000, 0x0000000795580000)
  object space 229888K, 37% used [0x0000000740000000,0x000000074552b4f0,0x000000074e080000)
 Metaspace       used 87848K, capacity 92086K, committed 92160K, reserved 1130496K
  class space    used 10772K, capacity 11491K, committed 11520K, reserved 1048576K
GC Heap History (10 events):
Event: 253623.247 GC heap before
{Heap before GC invocations=2305 (full 7):
 PSYoungGen      total 193536K, used 192835K [0x0000000795580000, 0x00000007a1580000, 0x00000007c0000000)
  eden space 190976K, 100% used [0x0000000795580000,0x00000007a1000000,0x00000007a1000000)
  from space 2560K, 72% used [0x00000007a1000000,0x00000007a11d0d20,0x00000007a1280000)
  to   space 2560K, 0% used [0x00000007a1300000,0x00000007a1300000,0x00000007a1580000)
 ParOldGen       total 229888K, used 87181K [0x0000000740000000, 0x000000074e080000, 0x0000000795580000)
  object space 229888K, 37% used [0x0000000740000000,0x00000007455234e0,0x000000074e080000)
 Metaspace       used 87794K, capacity 92022K, committed 92160K, reserved 1130496K
  class space    used 10772K, capacity 11491K, committed 11520K, reserved 1048576K
Event: 253623.251 GC heap after
Heap after GC invocations=2305 (full 7):
 PSYoungGen      total 194048K, used 1490K [0x0000000795580000, 0x00000007a1580000, 0x00000007c0000000)
  eden space 191488K, 0% used [0x0000000795580000,0x0000000795580000,0x00000007a1080000)
  from space 2560K, 58% used [0x00000007a1300000,0x00000007a1474af0,0x00000007a1580000)
  to   space 2560K, 0% used [0x00000007a1080000,0x00000007a1080000,0x00000007a1300000)
 ParOldGen       total 229888K, used 87181K [0x0000000740000000, 0x000000074e080000, 0x0000000795580000)
  object space 229888K, 37% used [0x0000000740000000,0x00000007455234e0,0x000000074e080000)
 Metaspace       used 87794K, capacity 92022K, committed 92160K, reserved 1130496K
  class space    used 10772K, capacity 11491K, committed 11520K, reserved 1048576K
}
Event: 254012.672 GC heap before
{Heap before GC invocations=2306 (full 7):
 PSYoungGen      total 194048K, used 192978K [0x0000000795580000, 0x00000007a1580000, 0x00000007c0000000)
  eden space 191488K, 100% used [0x0000000795580000,0x00000007a1080000,0x00000007a1080000)
  from space 2560K, 58% used [0x00000007a1300000,0x00000007a1474af0,0x00000007a1580000)
  to   space 2560K, 0% used [0x00000007a1080000,0x00000007a1080000,0x00000007a1300000)
 ParOldGen       total 229888K, used 87181K [0x0000000740000000, 0x000000074e080000, 0x0000000795580000)
  object space 229888K, 37% used [0x0000000740000000,0x00000007455234e0,0x000000074e080000)
 Metaspace       used 87794K, capacity 92022K, committed 92160K, reserved 1130496K
  class space    used 10772K, capacity 11491K, committed 11520K, reserved 1048576K
Event: 254012.675 GC heap after
Heap after GC invocations=2306 (full 7):
 PSYoungGen      total 194048K, used 1490K [0x0000000795580000, 0x00000007a1600000, 0x00000007c0000000)
  eden space 191488K, 0% used [0x0000000795580000,0x0000000795580000,0x00000007a1080000)
  from space 2560K, 58% used [0x00000007a1080000,0x00000007a11f4af0,0x00000007a1300000)
  to   space 2560K, 0% used [0x00000007a1380000,0x00000007a1380000,0x00000007a1600000)
 ParOldGen       total 229888K, used 87181K [0x0000000740000000, 0x000000074e080000, 0x0000000795580000)
  object space 229888K, 37% used [0x0000000740000000,0x00000007455234e0,0x000000074e080000)
 Metaspace       used 87794K, capacity 92022K, committed 92160K, reserved 1130496K
  class space    used 10772K, capacity 11491K, committed 11520K, reserved 1048576K
}
Event: 254397.590 GC heap before
{Heap before GC invocations=2307 (full 7):
 PSYoungGen      total 194048K, used 192978K [0x0000000795580000, 0x00000007a1600000, 0x00000007c0000000)
  eden space 191488K, 100% used [0x0000000795580000,0x00000007a1080000,0x00000007a1080000)
  from space 2560K, 58% used [0x00000007a1080000,0x00000007a11f4af0,0x00000007a1300000)
  to   space 2560K, 0% used [0x00000007a1380000,0x00000007a1380000,0x00000007a1600000)
 ParOldGen       total 229888K, used 87181K [0x0000000740000000, 0x000000074e080000, 0x0000000795580000)
  object space 229888K, 37% used [0x0000000740000000,0x00000007455234e0,0x000000074e080000)
 Metaspace       used 87794K, capacity 92022K, committed 92160K, reserved 1130496K
  class space    used 10772K, capacity 11491K, committed 11520K, reserved 1048576K
Event: 254397.593 GC heap after
Heap after GC invocations=2307 (full 7):
 PSYoungGen      total 194560K, used 1523K [0x0000000795580000, 0x00000007a1600000, 0x00000007c0000000)
  eden space 192000K, 0% used [0x0000000795580000,0x0000000795580000,0x00000007a1100000)
  from space 2560K, 59% used [0x00000007a1380000,0x00000007a14fcf50,0x00000007a1600000)
  to   space 2560K, 0% used [0x00000007a1100000,0x00000007a1100000,0x00000007a1380000)
 ParOldGen       total 229888K, used 87181K [0x0000000740000000, 0x000000074e080000, 0x0000000795580000)
  object space 229888K, 37% used [0x0000000740000000,0x00000007455234e0,0x000000074e080000)
 Metaspace       used 87794K, capacity 92022K, committed 92160K, reserved 1130496K
  class space    used 10772K, capacity 11491K, committed 11520K, reserved 1048576K
}
Event: 254765.620 GC heap before
{Heap before GC invocations=2308 (full 7):
 PSYoungGen      total 194560K, used 193523K [0x0000000795580000, 0x00000007a1600000, 0x00000007c0000000)
  eden space 192000K, 100% used [0x0000000795580000,0x00000007a1100000,0x00000007a1100000)
  from space 2560K, 59% used [0x00000007a1380000,0x00000007a14fcf50,0x00000007a1600000)
  to   space 2560K, 0% used [0x00000007a1100000,0x00000007a1100000,0x00000007a1380000)
 ParOldGen       total 229888K, used 87181K [0x0000000740000000, 0x000000074e080000, 0x0000000795580000)
  object space 229888K, 37% used [0x0000000740000000,0x00000007455234e0,0x000000074e080000)
 Metaspace       used 87794K, capacity 92022K, committed 92160K, reserved 1130496K
  class space    used 10772K, capacity 11491K, committed 11520K, reserved 1048576K
Event: 254765.631 GC heap after
Heap after GC invocations=2308 (full 7):
 PSYoungGen      total 194560K, used 2531K [0x0000000795580000, 0x00000007a1780000, 0x00000007c0000000)
  eden space 192000K, 0% used [0x0000000795580000,0x0000000795580000,0x00000007a1100000)
  from space 2560K, 98% used [0x00000007a1100000,0x00000007a1378d20,0x00000007a1380000)
  to   space 3072K, 0% used [0x00000007a1480000,0x00000007a1480000,0x00000007a1780000)
 ParOldGen       total 229888K, used 87213K [0x0000000740000000, 0x000000074e080000, 0x0000000795580000)
  object space 229888K, 37% used [0x0000000740000000,0x000000074552b4f0,0x000000074e080000)
 Metaspace       used 87794K, capacity 92022K, committed 92160K, reserved 1130496K
  class space    used 10772K, capacity 11491K, committed 11520K, reserved 1048576K
}
Event: 255116.533 GC heap before
{Heap before GC invocations=2309 (full 7):
 PSYoungGen      total 194560K, used 194531K [0x0000000795580000, 0x00000007a1780000, 0x00000007c0000000)
  eden space 192000K, 100% used [0x0000000795580000,0x00000007a1100000,0x00000007a1100000)
  from space 2560K, 98% used [0x00000007a1100000,0x00000007a1378d20,0x00000007a1380000)
  to   space 3072K, 0% used [0x00000007a1480000,0x00000007a1480000,0x00000007a1780000)
 ParOldGen       total 229888K, used 87213K [0x0000000740000000, 0x000000074e080000, 0x0000000795580000)
  object space 229888K, 37% used [0x0000000740000000,0x000000074552b4f0,0x000000074e080000)
 Metaspace       used 87811K, capacity 92086K, committed 92160K, reserved 1130496K
  class space    used 10772K, capacity 11491K, committed 11520K, reserved 1048576K
Event: 255116.537 GC heap after
Heap after GC invocations=2309 (full 7):
 PSYoungGen      total 194560K, used 1539K [0x0000000795580000, 0x00000007a1680000, 0x00000007c0000000)
  eden space 192512K, 0% used [0x0000000795580000,0x0000000795580000,0x00000007a1180000)
  from space 2048K, 75% used [0x00000007a1480000,0x00000007a1600d20,0x00000007a1680000)
  to   space 2560K, 0% used [0x00000007a1180000,0x00000007a1180000,0x00000007a1400000)
 ParOldGen       total 229888K, used 87213K [0x0000000740000000, 0x000000074e080000, 0x0000000795580000)
  object space 229888K, 37% used [0x0000000740000000,0x000000074552b4f0,0x000000074e080000)
 Metaspace       used 87811K, capacity 92086K, committed 92160K, reserved 1130496K
  class space    used 10772K, capacity 11491K, committed 11520K, reserved 1048576K
}

